[debug] [2020-11-14T06:54:28.492Z] ----------------------------------------------------------------------
[debug] [2020-11-14T06:54:28.498Z] Command:       C:\Program Files\nodejs\node.exe C:\Users\srija\AppData\Roaming\npm\node_modules\firebase-tools\lib\bin\firebase.js init
[debug] [2020-11-14T06:54:28.499Z] CLI Version:   8.11.2
[debug] [2020-11-14T06:54:28.499Z] Platform:      win32
[debug] [2020-11-14T06:54:28.499Z] Node Version:  v12.18.3
[debug] [2020-11-14T06:54:28.600Z] Time:          Sat Nov 14 2020 12:24:28 GMT+0530 (India Standard Time)
[debug] [2020-11-14T06:54:28.601Z] ----------------------------------------------------------------------
[debug] [2020-11-14T06:54:28.601Z] 
[debug] [2020-11-14T06:54:28.728Z] > command requires scopes: ["email","openid","https://www.googleapis.com/auth/cloudplatformprojects.readonly","https://www.googleapis.com/auth/firebase","https://www.googleapis.com/auth/cloud-platform"]
[debug] [2020-11-14T06:54:28.729Z] > authorizing via signed-in user
[info] 
     ######## #### ########  ######## ########     ###     ######  ########
     ##        ##  ##     ## ##       ##     ##  ##   ##  ##       ##
     ######    ##  ########  ######   ########  #########  ######  ######
     ##        ##  ##    ##  ##       ##     ## ##     ##       ## ##
     ##       #### ##     ## ######## ########  ##     ##  ######  ########

You're about to initialize a Firebase project in this directory:

  C:\Users\srija\Desktop\portfolio

Before we get started, keep in mind:

  * You are initializing in an existing Firebase project directory

